<?xml version="1.0" encoding="UTF-8"?>
<!-- Generated by org.testng.reporters.JUnitReportReporter -->
<testsuite hostname="W10-VDI-WDW4478" failures="0" tests="1" name="testNG.LaunchLogin" time="15.070" errors="0" timestamp="2023-01-10T12:11:51 IST" skipped="0">
  <testcase classname="testNG.LaunchLogin" name="performLogin" time="15.070"/>
  <system-out/>
</testsuite> <!-- testNG.LaunchLogin -->
